<?xml version="1.0"?>
<testsuite name="Chrome Headless 146.0.0.0 (Windows 10)" package="" timestamp="2026-03-25T02:46:00" id="0" hostname="Andrea" tests="10" errors="0" failures="0" time="0.433">
  <properties>
    <property name="browser.fullName" value="Mozilla/5.0 (Windows NT 10.0; Win64; x64) AppleWebKit/537.36 (KHTML, like Gecko) HeadlessChrome/146.0.0.0 Safari/537.36"/>
  </properties>
  <testcase name="ServiciosCliente should be created" time="0.032" classname="ServiciosCliente"/>
  <testcase name="Familia should create" time="0.122" classname="Familia"/>
  <testcase name="ServiciosFamilia should be created" time="0.004" classname="ServiciosFamilia"/>
  <testcase name="ListaFamilia should create" time="0.047" classname="ListaFamilia"/>
  <testcase name="ServiciosArticulo should be created" time="0.013" classname="ServiciosArticulo"/>
  <testcase name="App should create the app" time="0.044" classname="App"/>
  <testcase name="Articulo should create" time="0.067" classname="Articulo"/>
  <testcase name="ListaArticulo should create" time="0.036" classname="ListaArticulo"/>
  <testcase name="ListaCliente should create" time="0.025" classname="ListaCliente"/>
  <testcase name="Articulo should create" time="0.043" classname="Articulo"/>
  <system-out>
    <![CDATA[
]]>
  </system-out>
  <system-err/>
</testsuite>